Seagull: [70, 90, 80, 40] = INFJ
dvc: [70, 35, 20, 40] = ISTJ
Neytiri: [60, 45, 80, 50] = ISFX
bawkchoi: [80, 45, 75, 55] = ISFP
:D: [100, 45, 45, 15] = ISTJ
MegaFile: [30, 30, 45, 30] = ESTJ
Philthicus: [56, 60, 60, 40] = INFJ
Charlie: [60, 50, 35, 30] = IXTJ
Julia: [20, 40, 25, 30] = ESTJ
Jurlique: [67, 11, 45, 5] = ISTJ
Maximus: [60, 67, 55, 90] = INFP
Jah: [60, 50, 40, 15] = IXTJ
Qui-Gon Jinn: [30, 80, 50, 80] = ENXP
Trav-DAWG: [30, 60, 35, 65] = ENTP
asdfghjkl: [90, 45, 20, 55] = ISTP
AlexW: [30, 70, 65, 35] = ENFJ
ChubbyChecker: [60, 25, 35, 60] = ISTP
Karen: [43, 42, 91, 67] = ESFP
Chester: [80, 65, 42, 55] = INTP
rag: [90, 40, 35, 65] = ISTP
zebra: [40, 45, 55, 40] = ESFJ
rogerroger: [80, 60, 10, 25] = INTJ
Squaggles: [70, 25, 35, 10] = ISTJ
Gunther Garrett: [30, 20, 65, 42] = ESFJ
Thong: [60, 20, 80, 30] = ISFJ
Sachiko: [30, 42, 65, 55] = ESFP
Fonye: [60, 25, 80, 15] = ISFJ
Shamwise: [60, 60, 25, 20] = INTJ
Snow: [20, 45, 58, 30] = ESFJ
yeti: [80, 45, 55, 30] = ISFJ
Summer: [50, 37, 40, 35] = XSTJ
bong bong: [20, 20, 20, 22] = ESTJ
RoosterWristers: [100, 84, 74, 53] = INFP
superman: [30, 10, 47, 42] = ESTJ
Dorkathan: [90, 95, 55, 45] = INFJ
deew ekoms: [30, 37, 15, 30] = ESTJ
bdawg: [25, 64, 46, 79] = ENTP
Colin McWhorter: [40, 50, 70, 35] = EXFJ
Ruki: [100, 45, 85, 25] = ISFJ
Eurydice: [80, 50, 50, 55] = IXXP
personality: [70, 20, 80, 65] = ISFP
survey homework: [40, 40, 42, 50] = ESTX
jz: [71, 18, 60, 7] = ISFJ
Tennessee: [70, 60, 75, 30] = INFJ
Some Paradox: [100, 55, 40, 55] = INTP
Stephy: [60, 30, 85, 40] = ISFJ
Shark Boy: [60, 26, 45, 65] = ISTP
Jamarcus: [10, 20, 50, 40] = ESXJ
GAB: [20, 45, 75, 50] = ESFX
HoneyBee169: [40, 90, 85, 58] = ENFP
d.k.: [10, 35, 45, 60] = ESTP
EntropyRulesAll: [20, 65, 20, 75] = ENTP
CATS: [70, 65, 45, 45] = INTJ
Simba: [10, 55, 85, 50] = ENFX
NaKha: [80, 45, 50, 47] = ISXJ
Lorenzo: [20, 60, 80, 45] = ENFJ
yangyang: [60, 70, 50, 50] = INXX
Air Wreck: [10, 59, 55, 65] = ENFP
Musicdude: [70, 26, 53, 32] = ISFJ
Vronika: [20, 25, 65, 35] = ESFJ
Dan: [50, 40, 70, 20] = XSFJ
Rodion Romanovich Raskolnikov: [90, 55, 5, 50] = INTX
Takumi Fujiwara: [50, 25, 20, 55] = XSTP
Detlef Schrempf: [50, 20, 25, 35] = XSTJ
survey: [30, 40, 45, 35] = ESTJ
Rafael: [100, 25, 50, 33] = ISXJ
M.: [100, 55, 75, 50] = INFX
RainbowFartz: [70, 40, 35, 10] = ISTJ
lil jon: [60, 30, 60, 58] = ISFP
Harry Potter: [40, 30, 50, 35] = ESXJ
acronymonious: [50, 70, 75, 35] = XNFJ
Apache Chief: [20, 55, 55, 35] = ENFJ
BIG SKI: [70, 70, 60, 35] = INFJ
V: [60, 50, 50, 55] = IXXP
Profe$$er GetMoney: [70, 45, 40, 35] = ISTJ
bismark: [100, 35, 28, 32] = ISTJ
Robert Paulson: [40, 50, 40, 30] = EXTJ
Beaver: [70, 65, 60, 60] = INFP
Jeremy: [100, 65, 45, 70] = INTP
Brandon: [20, 32, 45, 45] = ESTJ
DDD: [30, 65, 60, 60] = ENFP
mike hawk: [90, 25, 25, 30] = ISTJ
My Personality: [70, 35, 65, 25] = ISFJ
AK: [40, 50, 65, 60] = EXFP
Krungthepmahanakonbowornratanako- sinmahintarayudyayamahadilopono- paratanarajthaniburiromudomrajni- wesmahasatarnamornpimarnavatarsa- titsakattiyavisanukamphrasit: [33, 45, 65, 60] = ESFP
Jumper: [60, 32, 21, 47] = ISTJ
kimberleyd: [10, 80, 30, 50] = ENTX
sammy: [100, 30, 40, 40] = ISTJ
Sertorius: [20, 55, 10, 45] = ENTJ
Mason: [20, 20, 35, 10] = ESTJ
Soulcatcher: [80, 80, 44, 35] = INTJ
jjjj: [10, 45, 35, 50] = ESTX
kdswan: [80, 10, 0, 35] = ISTJ
Axel: [100, 50, 35, 45] = IXTJ
GardenGnome: [30, 55, 40, 20] = ENTJ
Hershel Layton: [100, 30, 20, 15] = ISTJ
Rover One: [100, 35, 50, 15] = ISXJ
Greyson Siegel: [70, 30, 30, 50] = ISTX
Kitty Litterbox: [70, 50, 50, 40] = IXXJ
Rajon Rondo: [30, 40, 50, 25] = ESXJ
Danny: [70, 25, 35, 40] = ISTJ
Anon: [63, 53, 24, 50] = INTX
Bryan: [30, 80, 80, 85] = ENFP
Brian L: [50, 50, 20, 45] = XXTJ
Seth: [50, 40, 35, 60] = XSTP
GDLC: [60, 25, 20, 10] = ISTJ
Kenya Dewitt: [70, 40, 65, 45] = ISFJ
Leo: [80, 70, 70, 40] = INFJ
Lester Knight Chaykin: [60, 40, 35, 15] = ISTJ
ChocolateCaliente: [50, 60, 65, 30] = XNFJ
Great_Cthulhu: [100, 50, 20, 45] = IXTJ
Iris: [30, 70, 60, 30] = ENFJ
Jason: [50, 35, 40, 40] = XSTJ
beccapersonality: [40, 55, 50, 68] = ENXP
Shane: [20, 90, 45, 30] = ENTJ
KingofRegicide: [50, 35, 10, 25] = XSTJ
Oliver Klozoff: [60, 25, 58, 35] = ISFJ
bob: [25, 80, 100, 17] = ENFJ
Sexypants McGee: [22, 100, 90, 60] = ENFP
Evie: [70, 35, 35, 25] = ISTJ
kendallp: [100, 65, 70, 25] = INFJ
Liuying Gong: [80, 65, 75, 55] = INFP
Jessica: [40, 70, 40, 50] = ENTX
Derek Gowrylow: [20, 35, 50, 50] = ESXX
RedbeardOneOne: [60, 35, 56, 53] = ISFP
Comtroversy: [50, 75, 50, 35] = XNXJ
Op4l: [78, 26, 55, 60] = ISFP
Jawknee: [0, 40, 65, 55] = ESFP
Jim: [100, 21, 39, 35] = ISTJ
darkchocolatelovesdog: [20, 40, 65, 35] = ESFJ
strawberry: [20, 55, 90, 50] = ENFX
KASKADE: [50, 20, 20, 25] = XSTJ
B-Bots: [70, 35, 75, 35] = ISFJ
James Earl Jones: [70, 45, 50, 15] = ISXJ
g: [100, 30, 55, 10] = ISFJ
anonymous 2: [60, 5, 20, 35] = ISTJ
Thomas Rogers: [60, 30, 25, 10] = ISTJ
Bob Johnson1: [60, 53, 35, 15] = INTJ
jack: [60, 70, 25, 15] = INTJ
Nave: [0, 79, 50, 47] = ENXJ
Tuey Black: [40, 70, 50, 60] = ENXP
huhuhuhuhu: [30, 40, 75, 37] = ESFJ
Maya3D: [50, 40, 60, 55] = XSFP
Andrew: [90, 50, 85, 50] = IXFX
Mike Polyakov: [70, 75, 90, 90] = INFP
Jeremy: [90, 60, 45, 35] = INTJ
ZSR: [30, 55, 70, 60] = ENFP
Warruuna: [100, 55, 60, 35] = INFJ
The Halfrican: [30, 30, 70, 30] = ESFJ
tony: [60, 60, 50, 45] = INXJ
Lulu: [60, 75, 35, 50] = INTX
Jenna T.: [40, 15, 60, 20] = ESFJ
Ian Walsh: [100, 20, 10, 40] = ISTJ
Andy: [20, 25, 30, 20] = ESTJ
Hermione Granger: [60, 30, 60, 40] = ISFJ
Rufio: [0, 45, 45, 50] = ESTX
Bull Horn: [80, 50, 20, 50] = IXTX
Bai: [50, 45, 50, 30] = XSXJ
Zoe: [89, 25, 35, 55] = ISTP
qwop: [80, 60, 60, 25] = INFJ
MaR: [30, 75, 80, 30] = ENFJ
Foomybar: [0, 90, 65, 42] = ENFJ
Panthro: [50, 60, 45, 35] = XNTJ
James: [100, 15, 35, 35] = ISTJ
fisher: [60, 55, 50, 45] = INXJ
FKel: [100, 47, 58, 40] = ISFJ
penguins-r-us: [50, 50, 20, 60] = XXTP
Bulin: [80, 71, 56, 28] = INFJ
Dan Quayle: [90, 75, 21, 45] = INTJ
toomanyquestions: [70, 40, 30, 35] = ISTJ
Jalaber Zeric: [60, 40, 70, 25] = ISFJ
skynet: [40, 45, 60, 47] = ESFJ
trollDad: [80, 60, 55, 60] = INFP
Amber: [100, 20, 60, 20] = ISFJ
aaron: [70, 30, 15, 35] = ISTJ
Jeck: [90, 40, 5, 15] = ISTJ
GrayFawkes: [30, 50, 50, 40] = EXXJ
Big M: [60, 30, 60, 25] = ISFJ
Don Draper: [100, 65, 55, 30] = INFJ
pisa: [100, 55, 74, 40] = INFJ
Keyk: [80, 25, 25, 35] = ISTJ
Humpty-Dumpty: [70, 40, 40, 60] = ISTP
ecw4: [10, 45, 55, 30] = ESFJ
cue: [70, 47, 55, 55] = ISFP
Godzilla: [80, 50, 45, 50] = IXTX
natalie Herrera: [10, 45, 50, 70] = ESXP
Daniel M.: [50, 55, 80, 50] = XNFX
Brendan Philip: [30, 35, 45, 30] = ESTJ
zzt: [70, 55, 45, 40] = INTJ
Sparkle Pony: [60, 70, 60, 30] = INFJ
austin: [90, 95, 68, 60] = INFP
Anon: [40, 55, 25, 50] = ENTX
The Western Bacon Cheeseburger: [90, 50, 33, 35] = IXTJ
survey: [50, 45, 55, 70] = XSFP
harry johnson: [60, 45, 40, 55] = ISTP
Saucer: [100, 50, 25, 20] = IXTJ
wanNiMei: [70, 56, 50, 44] = INXJ
Hoo: [90, 55, 75, 45] = INFJ
Bie: [100, 64, 56, 17] = INFJ
Sten: [100, 20, 10, 50] = ISTX
Imran: [80, 60, 55, 35] = INFJ
Abe Dinker: [40, 40, 40, 60] = ESTP
Frederic de'Ponzo: [40, 35, 60, 80] = ESFP
Katie Dong: [60, 40, 55, 25] = ISFJ
Juju: [20, 55, 70, 55] = ENFP
(>^_^)>: [20, 100, 75, 80] = ENFP
Johnny Overalls: [60, 50, 20, 25] = IXTJ
mryoder: [80, 20, 25, 20] = ISTJ
Andy Antosz: [70, 42, 58, 50] = ISFX
ML: [90, 69, 50, 47] = INXJ
Simon: [50, 32, 55, 35] = XSFJ
sLug0rz: [50, 65, 70, 30] = XNFJ
rjb: [30, 45, 60, 35] = ESFJ
Bill: [50, 65, 20, 40] = XNTJ
Jimmy James: [10, 90, 80, 85] = ENFP
Erik Galasso: [100, 45, 35, 65] = ISTP
Tanner: [10, 30, 25, 15] = ESTJ
Shane: [20, 75, 40, 45] = ENTJ
A.D: [70, 45, 80, 20] = ISFJ
Sr. AWESOME: [90, 50, 70, 55] = IXFP
Tyler Rigsby: [80, 30, 35, 5] = ISTJ
Angela: [40, 65, 85, 60] = ENFP
Kyuubey: [100, 45, 30, 65] = ISTP
nic: [80, 33, 55, 40] = ISFJ
Andrew (BF): [100, 50, 40, 25] = IXTJ
JEG: [100, 45, 45, 10] = ISTJ
Vashon Delivery: [80, 40, 30, 25] = ISTJ
aRabidButterfly: [70, 30, 45, 20] = ISTJ
Monica: [20, 20, 45, 40] = ESTJ
Mrs. Nesbitt: [40, 55, 45, 30] = ENTJ
magikarp: [90, 20, 53, 20] = ISFJ
Bingc: [50, 45, 65, 40] = XSFJ
Data: [90, 42, 35, 42] = ISTJ
Nino Averill: [40, 40, 30, 47] = ESTJ
Kurt Vonnegut: [90, 26, 25, 25] = ISTJ
a_c_f: [70, 25, 25, 15] = ISTJ
Ash: [80, 20, 50, 25] = ISXJ
Kim: [40, 75, 30, 50] = ENTX
Keely: [50, 30, 50, 0] = XSXJ
Zosha: [80, 25, 60, 60] = ISFP
Emily: [100, 5, 15, 5] = ISTJ
foxhunter: [60, 35, 55, 79] = ISFP
dum dum: [20, 55, 80, 55] = ENFP
Ryceratops: [20, 60, 35, 40] = ENTJ
ladidaleah: [90, 80, 90, 60] = INFP
Anne Owen: [80, 45, 60, 55] = ISFP
Rose: [100, 35, 60, 60] = ISFP
Alex: [10, 55, 60, 60] = ENFP
Bill Murray: [20, 75, 45, 60] = ENTP
Bam Angeles: [50, 40, 70, 35] = XSFJ
Manami: [50, 65, 50, 45] = XNXJ
Braden Doane: [10, 25, 35, 25] = ESTJ
Katy Perry: [10, 65, 70, 35] = ENFJ
Katie: [70, 70, 40, 35] = INTJ
Abel: [90, 40, 50, 55] = ISXP
Brayden Dodson: [60, 25, 26, 25] = ISTJ
Albert Marie: [80, 50, 65, 30] = IXFJ
01impreza: [50, 45, 50, 15] = XSXJ
Alec Williams: [40, 30, 25, 50] = ESTX
Ashiee: [100, 53, 29, 32] = INTJ
T-Meezy: [30, 55, 70, 53] = ENFP
Boren: [30, 45, 45, 20] = ESTJ
Berg: [90, 5, 55, 11] = ISFJ
anonymous: [20, 35, 20, 20] = ESTJ
Wednesday: [90, 45, 5, 20] = ISTJ
Kate: [30, 30, 35, 35] = ESTJ
Betty White: [60, 35, 20, 25] = ISTJ
Elliott J-W: [30, 50, 45, 30] = EXTJ
weems999: [40, 20, 20, 45] = ESTJ
Dorsidheon: [70, 60, 85, 70] = INFP
CameronQ: [20, 35, 55, 35] = ESFJ
Melissa W.: [90, 50, 50, 25] = IXXJ
Furball Butter-Pants: [40, 50, 70, 10] = EXFJ
Victoria D: [70, 80, 65, 60] = INFP
Joe Schlabotnik: [80, 21, 40, 35] = ISTJ
Jared :): [90, 60, 40, 45] = INTJ
David Mah: [60, 35, 50, 45] = ISXJ
coolkid: [38, 50, 45, 40] = EXTJ
William: [20, 65, 70, 50] = ENFX
dm: [50, 25, 28, 21] = XSTJ
Esther: [80, 45, 80, 70] = ISFP
Sir Siu: [40, 50, 40, 45] = EXTJ
George Gebben: [0, 40, 70, 55] = ESFP
Duba: [40, 70, 100, 75] = ENFP
Why not.: [67, 25, 40, 10] = ISTJ
Vito_data: [80, 10, 40, 58] = ISTP
Jerry Cheng: [10, 30, 10, 20] = ESTJ
Gabe: [40, 45, 20, 50] = ESTX
Ella Phan: [40, 60, 65, 50] = ENFX
Reptar: [70, 75, 37, 65] = INTP
Tiffany: [100, 65, 60, 40] = INFJ
natalie jean: [20, 70, 65, 20] = ENFJ
software: [10, 20, 85, 25] = ESFJ
Mal: [90, 5, 15, 20] = ISTJ
beauty: [40, 45, 70, 45] = ESFJ
edupu: [80, 50, 79, 65] = IXFP
Chase: [60, 35, 15, 45] = ISTJ
Agent Smith #42: [20, 75, 80, 80] = ENFP
Phineas McClintock: [100, 65, 45, 25] = INTJ
Seventeeen: [80, 50, 50, 55] = IXXP
Vickalicious: [10, 53, 75, 85] = ENFP
Capri: [80, 50, 50, 55] = IXXP
Rose: [40, 50, 63, 45] = EXFJ
Luis: [70, 10, 0, 10] = ISTJ
Daniel: [90, 25, 55, 10] = ISFJ
Indiana Jones: [30, 38, 50, 41] = ESXJ
Desiree Del Valle: [30, 45, 65, 55] = ESFP
Bubbles!: [70, 60, 55, 60] = INFP
Star Man: [100, 75, 45, 35] = INTJ
Johnny: [90, 78, 37, 80] = INTP
Natalie: [60, 55, 60, 55] = INFP
Leonardo: [80, 30, 45, 25] = ISTJ
Alex: [70, 40, 60, 35] = ISFJ
htv: [90, 35, 70, 45] = ISFJ
Franklin Delano Roosevelt: [20, 55, 55, 60] = ENFP
Martha: [80, 30, 30, 50] = ISTX
MeatWad: [10, 55, 35, 90] = ENTP
chunkylover53: [70, 40, 45, 55] = ISTP
smartk: [80, 30, 70, 10] = ISFJ
Gracie: [90, 85, 20, 95] = INTP
vin: [90, 35, 65, 26] = ISFJ
Macklemore: [80, 30, 55, 25] = ISFJ
Ali: [90, 10, 50, 10] = ISXJ
Didi: [60, 29, 68, 30] = ISFJ
Alina: [30, 65, 35, 55] = ENTP
Bikeman: [20, 15, 40, 25] = ESTJ
ip man: [78, 35, 47, 6] = ISTJ
p00h: [90, 55, 60, 65] = INFP
Big Papa: [50, 25, 30, 70] = XSTP
jtb: [50, 58, 40, 40] = XNTJ
steve: [20, 32, 32, 15] = ESTJ
what?: [60, 40, 45, 65] = ISTP
Stuart: [80, 95, 70, 85] = INFP
DavidB: [0, 55, 45, 45] = ENTJ
Eric: [20, 25, 35, 25] = ESTJ
Aryan: [10, 65, 50, 50] = ENXX
